Build started 09/03/2013 14:08:43.
     1>Project "C:\RepoBond\Engine\Engine\Engine.vcxproj" on node 2 (build target(s)).
     1>InitializeBuildStatus:
         Creating "x64\Debug\Engine.unsuccessfulbuild" because "AlwaysCreate" was specified.
       ClCompile:
         c:\Program Files (x86)\Microsoft Visual Studio 10.0\VC\bin\x86_amd64\CL.exe /c /Zi /nologo /W3 /WX- /Od /D WIN32 /D _DEBUG /D _WINDOWS /D _UNICODE /D UNICODE /Gm /EHsc /RTC1 /MDd /GS /fp:precise /Zc:wchar_t /Zc:forScope /Fo"x64\Debug\\" /Fd"x64\Debug\vc100.pdb" /Gd /TP /errorReport:prompt Bot.cpp graphicsclass.cpp
         graphicsclass.cpp
         Bot.cpp
         Generating Code...
       ManifestResourceCompile:
         All outputs are up-to-date.
       Link:
         c:\Program Files (x86)\Microsoft Visual Studio 10.0\VC\bin\x86_amd64\link.exe /ERRORREPORT:PROMPT /OUT:"C:\RepoBond\Engine\x64\Debug\Engine.exe" /INCREMENTAL /NOLOGO d3dx10.lib d3d10.lib dxgi.lib kernel32.lib user32.lib gdi32.lib winspool.lib comdlg32.lib advapi32.lib shell32.lib ole32.lib oleaut32.lib uuid.lib odbc32.lib odbccp32.lib /MANIFEST /ManifestFile:"x64\Debug\Engine.exe.intermediate.manifest" /MANIFESTUAC:"level='asInvoker' uiAccess='false'" /DEBUG /PDB:"C:\RepoBond\Engine\x64\Debug\Engine.pdb" /SUBSYSTEM:WINDOWS /TLBID:1 /DYNAMICBASE /NXCOMPAT /IMPLIB:"C:\RepoBond\Engine\x64\Debug\Engine.lib" /MACHINE:X64 x64\Debug\Engine.exe.embed.manifest.res
         x64\Debug\Animation.obj
         x64\Debug\Animations.obj
         x64\Debug\Animator.obj
         x64\Debug\AnimChannel.obj
         x64\Debug\AnimKey.obj
         x64\Debug\Base.obj
         x64\Debug\Bone.obj
         x64\Debug\Bot.obj
         x64\Debug\BoundRenderer.obj
         x64\Debug\EasyBMP.obj
         x64\Debug\eButton.obj
         x64\Debug\Gun.obj
         x64\Debug\HeightMap.obj
         x64\Debug\HUD.obj
         x64\Debug\Level.obj
         x64\Debug\ModelLoader.obj
         x64\Debug\Network.obj
         x64\Debug\Player.obj
         x64\Debug\Quad.obj
         x64\Debug\D3D10Shaders.obj
         x64\Debug\Bound.obj
         x64\Debug\BoundingBox.obj
         x64\Debug\BoundingSphere.obj
         x64\Debug\Camera.obj
         x64\Debug\ControlManager.obj
         x64\Debug\cpuclass.obj
         x64\Debug\d3d10class.obj
         x64\Debug\eFont.obj
         x64\Debug\eLabel.obj
         x64\Debug\eText.obj
         x64\Debug\fpsclass.obj
         x64\Debug\Frustum.obj
         x64\Debug\GameMenu.obj
         x64\Debug\graphicsclass.obj
         x64\Debug\Light.obj
         x64\Debug\main.obj
         x64\Debug\material.obj
         x64\Debug\Mesh.obj
         x64\Debug\modelclass.obj
         x64\Debug\Object2D.obj
         x64\Debug\Ray.obj
         x64\Debug\SoundPlayer.obj
         x64\Debug\Sprite.obj
         x64\Debug\SpriteBatch.obj
         x64\Debug\SpriteRenderer.obj
         x64\Debug\systemclass.obj
         x64\Debug\TextShader.obj
         x64\Debug\TextureArray.obj
         x64\Debug\textureclass.obj
         x64\Debug\timerclass.obj
         Engine.vcxproj -> C:\RepoBond\Engine\x64\Debug\Engine.exe
       Manifest:
         C:\Program Files (x86)\Microsoft SDKs\Windows\v7.0A\bin\mt.exe /nologo /verbose /out:"x64\Debug\Engine.exe.embed.manifest" /manifest x64\Debug\Engine.exe.intermediate.manifest
         All outputs are up-to-date.
       LinkEmbedManifest:
         All outputs are up-to-date.
         Engine.vcxproj -> C:\RepoBond\Engine\x64\Debug\Engine.exe
       FinalizeBuildStatus:
         Deleting file "x64\Debug\Engine.unsuccessfulbuild".
         Touching "x64\Debug\Engine.lastbuildstate".
     1>Done Building Project "C:\RepoBond\Engine\Engine\Engine.vcxproj" (build target(s)).

Build succeeded.

Time Elapsed 00:00:04.08
