C:\REPOBOND\ENGINE\ENGINE\X64\DEBUG\ANIMATION.OBJ
C:\REPOBOND\ENGINE\ENGINE\X64\DEBUG\ANIMATIONS.OBJ
C:\REPOBOND\ENGINE\ENGINE\X64\DEBUG\ANIMATOR.OBJ
C:\REPOBOND\ENGINE\ENGINE\X64\DEBUG\ANIMCHANNEL.OBJ
C:\REPOBOND\ENGINE\ENGINE\X64\DEBUG\ANIMKEY.OBJ
C:\REPOBOND\ENGINE\ENGINE\X64\DEBUG\BASE.OBJ
C:\REPOBOND\ENGINE\ENGINE\X64\DEBUG\BONE.OBJ
C:\REPOBOND\ENGINE\ENGINE\X64\DEBUG\BOT.OBJ
C:\REPOBOND\ENGINE\ENGINE\X64\DEBUG\BOUND.OBJ
C:\REPOBOND\ENGINE\ENGINE\X64\DEBUG\BOUNDINGBOX.OBJ
C:\REPOBOND\ENGINE\ENGINE\X64\DEBUG\BOUNDINGSPHERE.OBJ
C:\REPOBOND\ENGINE\ENGINE\X64\DEBUG\BOUNDRENDERER.OBJ
C:\REPOBOND\ENGINE\ENGINE\X64\DEBUG\CAMERA.OBJ
C:\RepoBond\Engine\Engine\x64\Debug\cl.command.1.tlog
C:\RepoBond\Engine\Engine\x64\Debug\CL.read.1.tlog
C:\RepoBond\Engine\Engine\x64\Debug\CL.write.1.tlog
C:\REPOBOND\ENGINE\ENGINE\X64\DEBUG\CONTROLMANAGER.OBJ
C:\REPOBOND\ENGINE\ENGINE\X64\DEBUG\CPUCLASS.OBJ
C:\REPOBOND\ENGINE\ENGINE\X64\DEBUG\D3D10CLASS.OBJ
C:\REPOBOND\ENGINE\ENGINE\X64\DEBUG\D3D10SHADERS.OBJ
C:\REPOBOND\ENGINE\ENGINE\X64\DEBUG\EASYBMP.OBJ
C:\REPOBOND\ENGINE\ENGINE\X64\DEBUG\EBUTTON.OBJ
C:\REPOBOND\ENGINE\ENGINE\X64\DEBUG\EFONT.OBJ
C:\REPOBOND\ENGINE\ENGINE\X64\DEBUG\ELABEL.OBJ
C:\REPOBOND\ENGINE\ENGINE\X64\DEBUG\ENGINE.EXE.EMBED.MANIFEST
C:\REPOBOND\ENGINE\ENGINE\X64\DEBUG\ENGINE.EXE.EMBED.MANIFEST.RES
C:\RepoBond\Engine\Engine\x64\Debug\Engine.exe.intermediate.manifest
C:\RepoBond\Engine\Engine\x64\Debug\Engine.vcxprojResolveAssemblyReference.cache
C:\RepoBond\Engine\Engine\x64\Debug\Engine.write.1.tlog
C:\RepoBond\Engine\Engine\x64\Debug\Engine_manifest.rc
C:\REPOBOND\ENGINE\ENGINE\X64\DEBUG\ETEXT.OBJ
C:\REPOBOND\ENGINE\ENGINE\X64\DEBUG\FPSCLASS.OBJ
C:\REPOBOND\ENGINE\ENGINE\X64\DEBUG\FRUSTUM.OBJ
C:\REPOBOND\ENGINE\ENGINE\X64\DEBUG\GAMEMENU.OBJ
C:\REPOBOND\ENGINE\ENGINE\X64\DEBUG\GRAPHICSCLASS.OBJ
C:\REPOBOND\ENGINE\ENGINE\X64\DEBUG\GUN.OBJ
C:\REPOBOND\ENGINE\ENGINE\X64\DEBUG\HEIGHTMAP.OBJ
C:\REPOBOND\ENGINE\ENGINE\X64\DEBUG\HUD.OBJ
C:\REPOBOND\ENGINE\ENGINE\X64\DEBUG\LEVEL.OBJ
C:\REPOBOND\ENGINE\ENGINE\X64\DEBUG\LIGHT.OBJ
C:\RepoBond\Engine\Engine\x64\Debug\link.10552.read.1.tlog
C:\RepoBond\Engine\Engine\x64\Debug\link.10552.write.1.tlog
C:\RepoBond\Engine\Engine\x64\Debug\link.10552-cvtres.read.1.tlog
C:\RepoBond\Engine\Engine\x64\Debug\link.10552-cvtres.write.1.tlog
C:\RepoBond\Engine\Engine\x64\Debug\link.172.read.1.tlog
C:\RepoBond\Engine\Engine\x64\Debug\link.172.write.1.tlog
C:\RepoBond\Engine\Engine\x64\Debug\link.172-cvtres.read.1.tlog
C:\RepoBond\Engine\Engine\x64\Debug\link.172-cvtres.write.1.tlog
C:\RepoBond\Engine\Engine\x64\Debug\link.2388.read.1.tlog
C:\RepoBond\Engine\Engine\x64\Debug\link.2388.write.1.tlog
C:\RepoBond\Engine\Engine\x64\Debug\link.2388-cvtres.read.1.tlog
C:\RepoBond\Engine\Engine\x64\Debug\link.2388-cvtres.write.1.tlog
C:\RepoBond\Engine\Engine\x64\Debug\link.2748.read.1.tlog
C:\RepoBond\Engine\Engine\x64\Debug\link.2748.write.1.tlog
C:\RepoBond\Engine\Engine\x64\Debug\link.2748-cvtres.read.1.tlog
C:\RepoBond\Engine\Engine\x64\Debug\link.2748-cvtres.write.1.tlog
C:\RepoBond\Engine\Engine\x64\Debug\link.2992.read.1.tlog
C:\RepoBond\Engine\Engine\x64\Debug\link.2992.write.1.tlog
C:\RepoBond\Engine\Engine\x64\Debug\link.2992-cvtres.read.1.tlog
C:\RepoBond\Engine\Engine\x64\Debug\link.2992-cvtres.write.1.tlog
C:\RepoBond\Engine\Engine\x64\Debug\link.3992.read.1.tlog
C:\RepoBond\Engine\Engine\x64\Debug\link.3992.write.1.tlog
C:\RepoBond\Engine\Engine\x64\Debug\link.3992-cvtres.read.1.tlog
C:\RepoBond\Engine\Engine\x64\Debug\link.3992-cvtres.write.1.tlog
C:\RepoBond\Engine\Engine\x64\Debug\link.4312.read.1.tlog
C:\RepoBond\Engine\Engine\x64\Debug\link.4312.write.1.tlog
C:\RepoBond\Engine\Engine\x64\Debug\link.4312-cvtres.read.1.tlog
C:\RepoBond\Engine\Engine\x64\Debug\link.4312-cvtres.write.1.tlog
C:\RepoBond\Engine\Engine\x64\Debug\link.4316.read.1.tlog
C:\RepoBond\Engine\Engine\x64\Debug\link.4316.write.1.tlog
C:\RepoBond\Engine\Engine\x64\Debug\link.4316-cvtres.read.1.tlog
C:\RepoBond\Engine\Engine\x64\Debug\link.4316-cvtres.write.1.tlog
C:\RepoBond\Engine\Engine\x64\Debug\link.4524.read.1.tlog
C:\RepoBond\Engine\Engine\x64\Debug\link.4524.write.1.tlog
C:\RepoBond\Engine\Engine\x64\Debug\link.4524-cvtres.read.1.tlog
C:\RepoBond\Engine\Engine\x64\Debug\link.4524-cvtres.write.1.tlog
C:\RepoBond\Engine\Engine\x64\Debug\link.4680.read.1.tlog
C:\RepoBond\Engine\Engine\x64\Debug\link.4680.write.1.tlog
C:\RepoBond\Engine\Engine\x64\Debug\link.4680-cvtres.read.1.tlog
C:\RepoBond\Engine\Engine\x64\Debug\link.4680-cvtres.write.1.tlog
C:\RepoBond\Engine\Engine\x64\Debug\link.5080.read.1.tlog
C:\RepoBond\Engine\Engine\x64\Debug\link.5080.write.1.tlog
C:\RepoBond\Engine\Engine\x64\Debug\link.5080-cvtres.read.1.tlog
C:\RepoBond\Engine\Engine\x64\Debug\link.5080-cvtres.write.1.tlog
C:\RepoBond\Engine\Engine\x64\Debug\link.5144.read.1.tlog
C:\RepoBond\Engine\Engine\x64\Debug\link.5144.write.1.tlog
C:\RepoBond\Engine\Engine\x64\Debug\link.5144-cvtres.read.1.tlog
C:\RepoBond\Engine\Engine\x64\Debug\link.5144-cvtres.write.1.tlog
C:\RepoBond\Engine\Engine\x64\Debug\link.5400.read.1.tlog
C:\RepoBond\Engine\Engine\x64\Debug\link.5400.write.1.tlog
C:\RepoBond\Engine\Engine\x64\Debug\link.5400-cvtres.read.1.tlog
C:\RepoBond\Engine\Engine\x64\Debug\link.5400-cvtres.write.1.tlog
C:\RepoBond\Engine\Engine\x64\Debug\link.5732.read.1.tlog
C:\RepoBond\Engine\Engine\x64\Debug\link.5732.write.1.tlog
C:\RepoBond\Engine\Engine\x64\Debug\link.5732-cvtres.read.1.tlog
C:\RepoBond\Engine\Engine\x64\Debug\link.5732-cvtres.write.1.tlog
C:\RepoBond\Engine\Engine\x64\Debug\link.5824.read.1.tlog
C:\RepoBond\Engine\Engine\x64\Debug\link.5824.write.1.tlog
C:\RepoBond\Engine\Engine\x64\Debug\link.5824-cvtres.read.1.tlog
C:\RepoBond\Engine\Engine\x64\Debug\link.5824-cvtres.write.1.tlog
C:\RepoBond\Engine\Engine\x64\Debug\link.6268.read.1.tlog
C:\RepoBond\Engine\Engine\x64\Debug\link.6268.write.1.tlog
C:\RepoBond\Engine\Engine\x64\Debug\link.6268-cvtres.read.1.tlog
C:\RepoBond\Engine\Engine\x64\Debug\link.6268-cvtres.write.1.tlog
C:\RepoBond\Engine\Engine\x64\Debug\link.6332.read.1.tlog
C:\RepoBond\Engine\Engine\x64\Debug\link.6332.write.1.tlog
C:\RepoBond\Engine\Engine\x64\Debug\link.6332-cvtres.read.1.tlog
C:\RepoBond\Engine\Engine\x64\Debug\link.6332-cvtres.write.1.tlog
C:\RepoBond\Engine\Engine\x64\Debug\link.6480.read.1.tlog
C:\RepoBond\Engine\Engine\x64\Debug\link.6480.write.1.tlog
C:\RepoBond\Engine\Engine\x64\Debug\link.6480-cvtres.read.1.tlog
C:\RepoBond\Engine\Engine\x64\Debug\link.6480-cvtres.write.1.tlog
C:\RepoBond\Engine\Engine\x64\Debug\link.6612.read.1.tlog
C:\RepoBond\Engine\Engine\x64\Debug\link.6612.write.1.tlog
C:\RepoBond\Engine\Engine\x64\Debug\link.6612-cvtres.read.1.tlog
C:\RepoBond\Engine\Engine\x64\Debug\link.6612-cvtres.write.1.tlog
C:\RepoBond\Engine\Engine\x64\Debug\link.8104.read.1.tlog
C:\RepoBond\Engine\Engine\x64\Debug\link.8104.write.1.tlog
C:\RepoBond\Engine\Engine\x64\Debug\link.8104-cvtres.read.1.tlog
C:\RepoBond\Engine\Engine\x64\Debug\link.8104-cvtres.write.1.tlog
C:\RepoBond\Engine\Engine\x64\Debug\link.8216.read.1.tlog
C:\RepoBond\Engine\Engine\x64\Debug\link.8216.write.1.tlog
C:\RepoBond\Engine\Engine\x64\Debug\link.8216-cvtres.read.1.tlog
C:\RepoBond\Engine\Engine\x64\Debug\link.8216-cvtres.write.1.tlog
C:\RepoBond\Engine\Engine\x64\Debug\link.9128.read.1.tlog
C:\RepoBond\Engine\Engine\x64\Debug\link.9128.write.1.tlog
C:\RepoBond\Engine\Engine\x64\Debug\link.9128-cvtres.read.1.tlog
C:\RepoBond\Engine\Engine\x64\Debug\link.9128-cvtres.write.1.tlog
C:\RepoBond\Engine\Engine\x64\Debug\link.9464.read.1.tlog
C:\RepoBond\Engine\Engine\x64\Debug\link.9464.write.1.tlog
C:\RepoBond\Engine\Engine\x64\Debug\link.9464-cvtres.read.1.tlog
C:\RepoBond\Engine\Engine\x64\Debug\link.9464-cvtres.write.1.tlog
C:\RepoBond\Engine\Engine\x64\Debug\link.9656.read.1.tlog
C:\RepoBond\Engine\Engine\x64\Debug\link.9656.write.1.tlog
C:\RepoBond\Engine\Engine\x64\Debug\link.9656-cvtres.read.1.tlog
C:\RepoBond\Engine\Engine\x64\Debug\link.9656-cvtres.write.1.tlog
C:\RepoBond\Engine\Engine\x64\Debug\link.command.1.tlog
C:\RepoBond\Engine\Engine\x64\Debug\link.read.1.tlog
C:\RepoBond\Engine\Engine\x64\Debug\link.write.1.tlog
C:\RepoBond\Engine\Engine\x64\Debug\link-cvtres.read.1.tlog
C:\RepoBond\Engine\Engine\x64\Debug\link-cvtres.write.1.tlog
C:\REPOBOND\ENGINE\ENGINE\X64\DEBUG\MAIN.OBJ
C:\REPOBOND\ENGINE\ENGINE\X64\DEBUG\MATERIAL.OBJ
C:\REPOBOND\ENGINE\ENGINE\X64\DEBUG\MESH.OBJ
C:\REPOBOND\ENGINE\ENGINE\X64\DEBUG\MODELCLASS.OBJ
C:\REPOBOND\ENGINE\ENGINE\X64\DEBUG\MODELLOADER.OBJ
C:\RepoBond\Engine\Engine\x64\Debug\mt.command.1.tlog
C:\RepoBond\Engine\Engine\x64\Debug\mt.read.1.tlog
C:\RepoBond\Engine\Engine\x64\Debug\mt.write.1.tlog
C:\REPOBOND\ENGINE\ENGINE\X64\DEBUG\NETWORK.OBJ
C:\REPOBOND\ENGINE\ENGINE\X64\DEBUG\OBJECT2D.OBJ
C:\REPOBOND\ENGINE\ENGINE\X64\DEBUG\PLAYER.OBJ
C:\REPOBOND\ENGINE\ENGINE\X64\DEBUG\QUAD.OBJ
C:\REPOBOND\ENGINE\ENGINE\X64\DEBUG\RAY.OBJ
C:\RepoBond\Engine\Engine\x64\Debug\rc.command.1.tlog
C:\RepoBond\Engine\Engine\x64\Debug\rc.read.1.tlog
C:\RepoBond\Engine\Engine\x64\Debug\rc.write.1.tlog
C:\REPOBOND\ENGINE\ENGINE\X64\DEBUG\SERVER.OBJ
C:\REPOBOND\ENGINE\ENGINE\X64\DEBUG\SOUNDPLAYER.OBJ
C:\REPOBOND\ENGINE\ENGINE\X64\DEBUG\SPRITE.OBJ
C:\REPOBOND\ENGINE\ENGINE\X64\DEBUG\SPRITEBATCH.OBJ
C:\REPOBOND\ENGINE\ENGINE\X64\DEBUG\SPRITERENDERER.OBJ
C:\REPOBOND\ENGINE\ENGINE\X64\DEBUG\SPRITESHADER.OBJ
C:\REPOBOND\ENGINE\ENGINE\X64\DEBUG\SYSTEMCLASS.OBJ
C:\REPOBOND\ENGINE\ENGINE\X64\DEBUG\TEXTSHADER.OBJ
C:\REPOBOND\ENGINE\ENGINE\X64\DEBUG\TEXTUREARRAY.OBJ
C:\REPOBOND\ENGINE\ENGINE\X64\DEBUG\TEXTURECLASS.OBJ
C:\REPOBOND\ENGINE\ENGINE\X64\DEBUG\TIMERCLASS.OBJ
C:\RepoBond\Engine\Engine\x64\Debug\vc100.idb
C:\REPOBOND\ENGINE\ENGINE\X64\DEBUG\VC100.PDB
C:\RepoBond\Engine\x64\Debug\Engine.pdb
