C:\REPOBOND\ENGINE\DEBUG\ENGINE.EXE
C:\REPOBOND\ENGINE\DEBUG\ENGINE.ILK
C:\REPOBOND\ENGINE\DEBUG\ENGINE.PDB
C:\REPOBOND\ENGINE\ENGINE\DEBUG\ANIMATION.OBJ
C:\REPOBOND\ENGINE\ENGINE\DEBUG\ANIMATIONS.OBJ
C:\REPOBOND\ENGINE\ENGINE\DEBUG\ANIMATOR.OBJ
C:\REPOBOND\ENGINE\ENGINE\DEBUG\ANIMCHANNEL.OBJ
C:\REPOBOND\ENGINE\ENGINE\DEBUG\ANIMKEY.OBJ
C:\REPOBOND\ENGINE\ENGINE\DEBUG\BASE.OBJ
C:\REPOBOND\ENGINE\ENGINE\DEBUG\BONE.OBJ
C:\REPOBOND\ENGINE\ENGINE\DEBUG\BOT.OBJ
C:\REPOBOND\ENGINE\ENGINE\DEBUG\BOUND.OBJ
C:\REPOBOND\ENGINE\ENGINE\DEBUG\BOUNDINGBOX.OBJ
C:\REPOBOND\ENGINE\ENGINE\DEBUG\BOUNDINGSPHERE.OBJ
C:\REPOBOND\ENGINE\ENGINE\DEBUG\BOUNDRENDERER.OBJ
C:\REPOBOND\ENGINE\ENGINE\DEBUG\CAMERA.OBJ
C:\RepoBond\Engine\Engine\Debug\cl.command.1.tlog
C:\RepoBond\Engine\Engine\Debug\CL.read.1.tlog
C:\RepoBond\Engine\Engine\Debug\CL.write.1.tlog
C:\REPOBOND\ENGINE\ENGINE\DEBUG\CONTROLMANAGER.OBJ
C:\REPOBOND\ENGINE\ENGINE\DEBUG\CPUCLASS.OBJ
C:\REPOBOND\ENGINE\ENGINE\DEBUG\D3D10CLASS.OBJ
C:\REPOBOND\ENGINE\ENGINE\DEBUG\D3D10SHADERS.OBJ
C:\REPOBOND\ENGINE\ENGINE\DEBUG\EASYBMP.OBJ
C:\REPOBOND\ENGINE\ENGINE\DEBUG\EBUTTON.OBJ
C:\REPOBOND\ENGINE\ENGINE\DEBUG\EFONT.OBJ
C:\REPOBOND\ENGINE\ENGINE\DEBUG\ELABEL.OBJ
C:\REPOBOND\ENGINE\ENGINE\DEBUG\ENGINE.EXE.EMBED.MANIFEST
C:\REPOBOND\ENGINE\ENGINE\DEBUG\ENGINE.EXE.EMBED.MANIFEST.RES
C:\REPOBOND\ENGINE\ENGINE\DEBUG\ENGINE.EXE.INTERMEDIATE.MANIFEST
C:\RepoBond\Engine\Engine\Debug\Engine.write.1.tlog
C:\RepoBond\Engine\Engine\Debug\Engine_manifest.rc
C:\REPOBOND\ENGINE\ENGINE\DEBUG\ETEXT.OBJ
C:\REPOBOND\ENGINE\ENGINE\DEBUG\FPSCLASS.OBJ
C:\REPOBOND\ENGINE\ENGINE\DEBUG\FRUSTUM.OBJ
C:\REPOBOND\ENGINE\ENGINE\DEBUG\GAMEMENU.OBJ
C:\REPOBOND\ENGINE\ENGINE\DEBUG\GRAPHICSCLASS.OBJ
C:\REPOBOND\ENGINE\ENGINE\DEBUG\GUN.OBJ
C:\REPOBOND\ENGINE\ENGINE\DEBUG\HEIGHTMAP.OBJ
C:\REPOBOND\ENGINE\ENGINE\DEBUG\HUD.OBJ
C:\REPOBOND\ENGINE\ENGINE\DEBUG\LEVEL.OBJ
C:\REPOBOND\ENGINE\ENGINE\DEBUG\LIGHT.OBJ
C:\RepoBond\Engine\Engine\Debug\link.5884.read.1.tlog
C:\RepoBond\Engine\Engine\Debug\link.5884.write.1.tlog
C:\RepoBond\Engine\Engine\Debug\link.5884-cvtres.read.1.tlog
C:\RepoBond\Engine\Engine\Debug\link.5884-cvtres.write.1.tlog
C:\RepoBond\Engine\Engine\Debug\link.command.1.tlog
C:\RepoBond\Engine\Engine\Debug\link.read.1.tlog
C:\RepoBond\Engine\Engine\Debug\link.write.1.tlog
C:\RepoBond\Engine\Engine\Debug\link-cvtres.read.1.tlog
C:\RepoBond\Engine\Engine\Debug\link-cvtres.write.1.tlog
C:\REPOBOND\ENGINE\ENGINE\DEBUG\MAIN.OBJ
C:\REPOBOND\ENGINE\ENGINE\DEBUG\MATERIAL.OBJ
C:\REPOBOND\ENGINE\ENGINE\DEBUG\MESH.OBJ
C:\REPOBOND\ENGINE\ENGINE\DEBUG\MODELCLASS.OBJ
C:\REPOBOND\ENGINE\ENGINE\DEBUG\MODELLOADER.OBJ
C:\RepoBond\Engine\Engine\Debug\mt.command.1.tlog
C:\RepoBond\Engine\Engine\Debug\mt.read.1.tlog
C:\RepoBond\Engine\Engine\Debug\mt.write.1.tlog
C:\REPOBOND\ENGINE\ENGINE\DEBUG\OBJECT2D.OBJ
C:\REPOBOND\ENGINE\ENGINE\DEBUG\PLAYER.OBJ
C:\REPOBOND\ENGINE\ENGINE\DEBUG\QUAD.OBJ
C:\REPOBOND\ENGINE\ENGINE\DEBUG\RAY.OBJ
C:\RepoBond\Engine\Engine\Debug\rc.command.1.tlog
C:\RepoBond\Engine\Engine\Debug\rc.read.1.tlog
C:\RepoBond\Engine\Engine\Debug\rc.write.1.tlog
C:\REPOBOND\ENGINE\ENGINE\DEBUG\SERVER.OBJ
C:\REPOBOND\ENGINE\ENGINE\DEBUG\SOUNDPLAYER.OBJ
C:\REPOBOND\ENGINE\ENGINE\DEBUG\SPRITE.OBJ
C:\REPOBOND\ENGINE\ENGINE\DEBUG\SPRITEBATCH.OBJ
C:\REPOBOND\ENGINE\ENGINE\DEBUG\SPRITERENDERER.OBJ
C:\REPOBOND\ENGINE\ENGINE\DEBUG\SPRITESHADER.OBJ
C:\REPOBOND\ENGINE\ENGINE\DEBUG\SYSTEMCLASS.OBJ
C:\REPOBOND\ENGINE\ENGINE\DEBUG\TEXTSHADER.OBJ
C:\REPOBOND\ENGINE\ENGINE\DEBUG\TEXTUREARRAY.OBJ
C:\REPOBOND\ENGINE\ENGINE\DEBUG\TEXTURECLASS.OBJ
C:\REPOBOND\ENGINE\ENGINE\DEBUG\TIMERCLASS.OBJ
C:\RepoBond\Engine\Engine\Debug\vc100.idb
C:\REPOBOND\ENGINE\ENGINE\DEBUG\VC100.PDB
