Build started 2/9/2013 12:22:27 AM.
     1>Project "C:\RepoBond\Engine\Engine\Engine.vcxproj" on node 2 (build target(s)).
     1>InitializeBuildStatus:
         Creating "Release\Engine.unsuccessfulbuild" because "AlwaysCreate" was specified.
       ClCompile:
         c:\Program Files (x86)\Microsoft Visual Studio 10.0\VC\bin\CL.exe /c /Zi /nologo /W3 /WX- /Ox /Oi /Ot /Oy- /GL /D WIN32 /D NDEBUG /D _WINDOWS /D _UNICODE /D UNICODE /Gm- /EHsc /MD /GS /Gy /fp:precise /Zc:wchar_t /Zc:forScope /Fo"Release\\" /Fd"Release\vc100.pdb" /Gd /TP /analyze- /errorReport:prompt Level.cpp Player.cpp Server.cpp graphicsclass.cpp main.cpp systemclass.cpp timerclass.cpp
         Level.cpp
         Player.cpp
         Server.cpp
     1>Server.cpp(60): warning C4996: 'sprintf': This function or variable may be unsafe. Consider using sprintf_s instead. To disable deprecation, use _CRT_SECURE_NO_WARNINGS. See online help for details.
                 c:\Program Files (x86)\Microsoft Visual Studio 10.0\VC\include\stdio.h(371) : see declaration of 'sprintf'
     1>Server.cpp(65): warning C4996: 'sprintf': This function or variable may be unsafe. Consider using sprintf_s instead. To disable deprecation, use _CRT_SECURE_NO_WARNINGS. See online help for details.
                 c:\Program Files (x86)\Microsoft Visual Studio 10.0\VC\include\stdio.h(371) : see declaration of 'sprintf'
     1>Server.cpp(70): warning C4996: 'sprintf': This function or variable may be unsafe. Consider using sprintf_s instead. To disable deprecation, use _CRT_SECURE_NO_WARNINGS. See online help for details.
                 c:\Program Files (x86)\Microsoft Visual Studio 10.0\VC\include\stdio.h(371) : see declaration of 'sprintf'
     1>Server.cpp(80): warning C4996: 'sprintf': This function or variable may be unsafe. Consider using sprintf_s instead. To disable deprecation, use _CRT_SECURE_NO_WARNINGS. See online help for details.
                 c:\Program Files (x86)\Microsoft Visual Studio 10.0\VC\include\stdio.h(371) : see declaration of 'sprintf'
     1>Server.cpp(85): warning C4996: 'sprintf': This function or variable may be unsafe. Consider using sprintf_s instead. To disable deprecation, use _CRT_SECURE_NO_WARNINGS. See online help for details.
                 c:\Program Files (x86)\Microsoft Visual Studio 10.0\VC\include\stdio.h(371) : see declaration of 'sprintf'
     1>Server.cpp(90): warning C4996: 'sprintf': This function or variable may be unsafe. Consider using sprintf_s instead. To disable deprecation, use _CRT_SECURE_NO_WARNINGS. See online help for details.
                 c:\Program Files (x86)\Microsoft Visual Studio 10.0\VC\include\stdio.h(371) : see declaration of 'sprintf'
     1>Server.cpp(100): warning C4996: 'sprintf': This function or variable may be unsafe. Consider using sprintf_s instead. To disable deprecation, use _CRT_SECURE_NO_WARNINGS. See online help for details.
                 c:\Program Files (x86)\Microsoft Visual Studio 10.0\VC\include\stdio.h(371) : see declaration of 'sprintf'
     1>Server.cpp(105): warning C4996: 'sprintf': This function or variable may be unsafe. Consider using sprintf_s instead. To disable deprecation, use _CRT_SECURE_NO_WARNINGS. See online help for details.
                 c:\Program Files (x86)\Microsoft Visual Studio 10.0\VC\include\stdio.h(371) : see declaration of 'sprintf'
     1>Server.cpp(110): warning C4996: 'sprintf': This function or variable may be unsafe. Consider using sprintf_s instead. To disable deprecation, use _CRT_SECURE_NO_WARNINGS. See online help for details.
                 c:\Program Files (x86)\Microsoft Visual Studio 10.0\VC\include\stdio.h(371) : see declaration of 'sprintf'
     1>Server.cpp(115): warning C4996: 'sprintf': This function or variable may be unsafe. Consider using sprintf_s instead. To disable deprecation, use _CRT_SECURE_NO_WARNINGS. See online help for details.
                 c:\Program Files (x86)\Microsoft Visual Studio 10.0\VC\include\stdio.h(371) : see declaration of 'sprintf'
     1>Server.cpp(125): warning C4996: 'sprintf': This function or variable may be unsafe. Consider using sprintf_s instead. To disable deprecation, use _CRT_SECURE_NO_WARNINGS. See online help for details.
                 c:\Program Files (x86)\Microsoft Visual Studio 10.0\VC\include\stdio.h(371) : see declaration of 'sprintf'
     1>Server.cpp(130): warning C4996: 'sprintf': This function or variable may be unsafe. Consider using sprintf_s instead. To disable deprecation, use _CRT_SECURE_NO_WARNINGS. See online help for details.
                 c:\Program Files (x86)\Microsoft Visual Studio 10.0\VC\include\stdio.h(371) : see declaration of 'sprintf'
     1>Server.cpp(135): warning C4996: 'sprintf': This function or variable may be unsafe. Consider using sprintf_s instead. To disable deprecation, use _CRT_SECURE_NO_WARNINGS. See online help for details.
                 c:\Program Files (x86)\Microsoft Visual Studio 10.0\VC\include\stdio.h(371) : see declaration of 'sprintf'
     1>Server.cpp(140): warning C4996: 'sprintf': This function or variable may be unsafe. Consider using sprintf_s instead. To disable deprecation, use _CRT_SECURE_NO_WARNINGS. See online help for details.
                 c:\Program Files (x86)\Microsoft Visual Studio 10.0\VC\include\stdio.h(371) : see declaration of 'sprintf'
         graphicsclass.cpp
         main.cpp
         systemclass.cpp
         timerclass.cpp
       Link:
         c:\Program Files (x86)\Microsoft Visual Studio 10.0\VC\bin\link.exe /ERRORREPORT:PROMPT /OUT:"C:\RepoBond\Engine\Release\Engine.exe" /INCREMENTAL:NO /NOLOGO d3d10.lib d3dx10.lib dxgi.lib libcurl.lib kernel32.lib user32.lib gdi32.lib winspool.lib comdlg32.lib advapi32.lib shell32.lib ole32.lib oleaut32.lib uuid.lib odbc32.lib odbccp32.lib /MANIFEST /ManifestFile:"Release\Engine.exe.intermediate.manifest" /MANIFESTUAC:"level='asInvoker' uiAccess='false'" /DEBUG /PDB:"C:\RepoBond\Engine\Release\Engine.pdb" /SUBSYSTEM:WINDOWS /OPT:REF /OPT:ICF /LTCG /TLBID:1 /DYNAMICBASE /NXCOMPAT /IMPLIB:"C:\RepoBond\Engine\Release\Engine.lib" /MACHINE:X86 Release\Animation.obj
         Release\Animations.obj
         Release\Animator.obj
         Release\AnimChannel.obj
         Release\AnimKey.obj
         Release\Base.obj
         Release\Bone.obj
         Release\Bot.obj
         Release\BoundRenderer.obj
         Release\EasyBMP.obj
         Release\eButton.obj
         Release\Gun.obj
         Release\HeightMap.obj
         Release\HUD.obj
         Release\Level.obj
         Release\ModelLoader.obj
         Release\Player.obj
         Release\Quad.obj
         Release\Server.obj
         Release\D3D10Shaders.obj
         Release\Bound.obj
         Release\BoundingBox.obj
         Release\BoundingSphere.obj
         Release\Camera.obj
         Release\ControlManager.obj
         Release\cpuclass.obj
         Release\d3d10class.obj
         Release\eFont.obj
         Release\eLabel.obj
         Release\eText.obj
         Release\fpsclass.obj
         Release\Frustum.obj
         Release\GameMenu.obj
         Release\graphicsclass.obj
         Release\Light.obj
         Release\main.obj
         Release\material.obj
         Release\Mesh.obj
         Release\modelclass.obj
         Release\Object2D.obj
         Release\Ray.obj
         Release\SoundPlayer.obj
         Release\Sprite.obj
         Release\SpriteBatch.obj
         Release\SpriteRenderer.obj
         Release\SpriteShader.obj
         Release\systemclass.obj
         Release\TextShader.obj
         Release\TextureArray.obj
         Release\textureclass.obj
         Release\timerclass.obj
         Generating code
         Finished generating code
         Engine.vcxproj -> C:\RepoBond\Engine\Release\Engine.exe
       Manifest:
         C:\Program Files (x86)\Microsoft SDKs\Windows\v7.0A\bin\mt.exe /nologo /verbose /outputresource:"C:\RepoBond\Engine\Release\Engine.exe;#1" /manifest Release\Engine.exe.intermediate.manifest
       FinalizeBuildStatus:
         Deleting file "Release\Engine.unsuccessfulbuild".
         Touching "Release\Engine.lastbuildstate".
     1>Done Building Project "C:\RepoBond\Engine\Engine\Engine.vcxproj" (build target(s)).

Build succeeded.

Time Elapsed 00:00:24.53
